2024-11-04 17:25:31,317 INFO o.a.j.u.JMeterUtils: Setting Locale to en_EN
2024-11-04 17:25:31,345 INFO o.a.j.JMeter: Loading user properties from: C:\Program Files\apache-jmeter-5.6.3\bin\user.properties
2024-11-04 17:25:31,346 INFO o.a.j.JMeter: Loading system properties from: C:\Program Files\apache-jmeter-5.6.3\bin\system.properties
2024-11-04 17:25:31,353 INFO o.a.j.JMeter: Copyright (c) 1998-2024 The Apache Software Foundation
2024-11-04 17:25:31,353 INFO o.a.j.JMeter: Version 5.6.3
2024-11-04 17:25:31,353 INFO o.a.j.JMeter: java.version=21.0.5
2024-11-04 17:25:31,353 INFO o.a.j.JMeter: java.vm.name=OpenJDK 64-Bit Server VM
2024-11-04 17:25:31,353 INFO o.a.j.JMeter: os.name=Windows 11
2024-11-04 17:25:31,353 INFO o.a.j.JMeter: os.arch=amd64
2024-11-04 17:25:31,353 INFO o.a.j.JMeter: os.version=10.0
2024-11-04 17:25:31,353 INFO o.a.j.JMeter: file.encoding=UTF-8
2024-11-04 17:25:31,354 INFO o.a.j.JMeter: java.awt.headless=null
2024-11-04 17:25:31,354 INFO o.a.j.JMeter: Max memory     =1073741824
2024-11-04 17:25:31,354 INFO o.a.j.JMeter: Available Processors =12
2024-11-04 17:25:31,366 INFO o.a.j.JMeter: Default Locale=English (EN)
2024-11-04 17:25:31,366 INFO o.a.j.JMeter: JMeter  Locale=English (EN)
2024-11-04 17:25:31,366 INFO o.a.j.JMeter: JMeterHome=C:\Program Files\apache-jmeter-5.6.3
2024-11-04 17:25:31,367 INFO o.a.j.JMeter: user.dir  =C:\Users\szabo\source\repos\szaboegon\latency-sensitive-faas\kubernetes
2024-11-04 17:25:31,367 INFO o.a.j.JMeter: PWD       =C:\Users\szabo\source\repos\szaboegon\latency-sensitive-faas\kubernetes
2024-11-04 17:25:31,371 INFO o.a.j.JMeter: IP: 172.19.32.1 Name: Egon_PC FullName: Egon_PC.mshome.net
2024-11-04 17:25:31,387 INFO o.a.j.JMeter: Loaded icon properties from org/apache/jmeter/images/icon.properties
2024-11-04 17:25:31,611 INFO o.a.j.JMeterGuiLauncher: Setting LAF to: com.github.weisj.darklaf.DarkLaf:com.github.weisj.darklaf.theme.DarculaTheme
2024-11-04 17:25:33,317 INFO o.a.j.r.ClassFinder: Will scan jar C:\Program Files\apache-jmeter-5.6.3\lib\ext\jmeter-plugins-cmn-jmeter-0.7.jar with filter ExtendsClassFilter [parents=[interface org.apache.jmeter.gui.action.Command], inner=false, contains=null, notContains=null]. Consider exposing JMeter plugins via META-INF/services, and add JMeter-Skip-Class-Scanning=true manifest attribute so JMeter can skip classfile scanning
2024-11-04 17:25:33,338 INFO o.a.j.r.ClassFinder: Will scan jar C:\Program Files\apache-jmeter-5.6.3\lib\ext\json-lib-2.4-jdk15.jar with filter ExtendsClassFilter [parents=[interface org.apache.jmeter.gui.action.Command], inner=false, contains=null, notContains=null]. Consider exposing JMeter plugins via META-INF/services, and add JMeter-Skip-Class-Scanning=true manifest attribute so JMeter can skip classfile scanning
2024-11-04 17:25:33,352 INFO o.a.j.r.ClassFinder: Will scan jar C:\Program Files\apache-jmeter-5.6.3\lib\ext\jmeter-plugins-manager-1.10.jar with filter ExtendsClassFilter [parents=[interface org.apache.jmeter.gui.action.Command], inner=false, contains=null, notContains=null]. Consider exposing JMeter plugins via META-INF/services, and add JMeter-Skip-Class-Scanning=true manifest attribute so JMeter can skip classfile scanning
2024-11-04 17:25:33,445 INFO o.a.j.r.ClassFinder: Will scan jar C:\Program Files\apache-jmeter-5.6.3\lib\ext\jmeter-plugins-functions-2.2.jar with filter ExtendsClassFilter [parents=[interface org.apache.jmeter.gui.action.Command], inner=false, contains=null, notContains=null]. Consider exposing JMeter plugins via META-INF/services, and add JMeter-Skip-Class-Scanning=true manifest attribute so JMeter can skip classfile scanning
2024-11-04 17:25:33,448 INFO o.a.j.r.ClassFinder: Will scan jar C:\Program Files\apache-jmeter-5.6.3\lib\ext\cmdrunner-2.3.jar with filter ExtendsClassFilter [parents=[interface org.apache.jmeter.gui.action.Command], inner=false, contains=null, notContains=null]. Consider exposing JMeter plugins via META-INF/services, and add JMeter-Skip-Class-Scanning=true manifest attribute so JMeter can skip classfile scanning
2024-11-04 17:25:33,505 INFO o.a.j.r.ClassFinder: Will scan jar C:\Program Files\apache-jmeter-5.6.3\lib\ext\jmeter-plugins-cmn-jmeter-0.7.jar with filter ExtendsClassFilter [parents=[interface org.apache.jmeter.gui.plugin.MenuCreator], inner=false, contains=null, notContains=null]. Consider exposing JMeter plugins via META-INF/services, and add JMeter-Skip-Class-Scanning=true manifest attribute so JMeter can skip classfile scanning
2024-11-04 17:25:33,508 INFO o.a.j.r.ClassFinder: Will scan jar C:\Program Files\apache-jmeter-5.6.3\lib\ext\json-lib-2.4-jdk15.jar with filter ExtendsClassFilter [parents=[interface org.apache.jmeter.gui.plugin.MenuCreator], inner=false, contains=null, notContains=null]. Consider exposing JMeter plugins via META-INF/services, and add JMeter-Skip-Class-Scanning=true manifest attribute so JMeter can skip classfile scanning
2024-11-04 17:25:33,510 INFO o.a.j.r.ClassFinder: Will scan jar C:\Program Files\apache-jmeter-5.6.3\lib\ext\jmeter-plugins-manager-1.10.jar with filter ExtendsClassFilter [parents=[interface org.apache.jmeter.gui.plugin.MenuCreator], inner=false, contains=null, notContains=null]. Consider exposing JMeter plugins via META-INF/services, and add JMeter-Skip-Class-Scanning=true manifest attribute so JMeter can skip classfile scanning
2024-11-04 17:25:33,512 INFO o.a.j.r.ClassFinder: Will scan jar C:\Program Files\apache-jmeter-5.6.3\lib\ext\jmeter-plugins-functions-2.2.jar with filter ExtendsClassFilter [parents=[interface org.apache.jmeter.gui.plugin.MenuCreator], inner=false, contains=null, notContains=null]. Consider exposing JMeter plugins via META-INF/services, and add JMeter-Skip-Class-Scanning=true manifest attribute so JMeter can skip classfile scanning
2024-11-04 17:25:33,512 INFO o.a.j.r.ClassFinder: Will scan jar C:\Program Files\apache-jmeter-5.6.3\lib\ext\cmdrunner-2.3.jar with filter ExtendsClassFilter [parents=[interface org.apache.jmeter.gui.plugin.MenuCreator], inner=false, contains=null, notContains=null]. Consider exposing JMeter plugins via META-INF/services, and add JMeter-Skip-Class-Scanning=true manifest attribute so JMeter can skip classfile scanning
2024-11-04 17:25:33,620 INFO o.j.r.JARSourceHTTP: Requesting https://jmeter-plugins.org/repo/?installID=windows_11-8a2734f7d0d69deffc3c7d03355cb467-gui
2024-11-04 17:25:35,608 INFO o.j.r.PluginManager: Plugins Status: [jpgc-functions=2.2, jpgc-plugins-manager=1.10, jmeter-core=5.6.3, jmeter-ftp=5.6.3, jmeter-http=5.6.3, jmeter-jdbc=5.6.3, jmeter-jms=5.6.3, jmeter-junit=5.6.3, jmeter-java=5.6.3, jmeter-ldap=5.6.3, jmeter-mail=5.6.3, jmeter-mongodb=5.6.3, jmeter-native=5.6.3, jmeter-tcp=5.6.3, jmeter-components=5.6.3]
2024-11-04 17:25:45,767 INFO o.a.j.s.FileServer: Default base='C:\Users\szabo\source\repos\szaboegon\latency-sensitive-faas\kubernetes'
2024-11-04 17:25:45,769 INFO o.a.j.g.a.Load: Loading file: C:\Users\szabo\source\repos\szaboegon\latency-sensitive-faas\loadbalanced-app\load-testing\loadbalanced-app.jmx
2024-11-04 17:25:45,770 INFO o.a.j.s.FileServer: Set new base='C:\Users\szabo\source\repos\szaboegon\latency-sensitive-faas\loadbalanced-app\load-testing'
2024-11-04 17:25:45,949 INFO o.a.j.s.SaveService: Testplan (JMX) version: 2.2. Testlog (JTL) version: 2.2
2024-11-04 17:25:45,955 INFO o.a.j.s.SaveService: Using SaveService properties version 5.0
2024-11-04 17:25:45,957 INFO o.a.j.s.SaveService: Using SaveService properties file encoding UTF-8
2024-11-04 17:25:45,958 INFO o.a.j.s.SaveService: Loading file: C:\Users\szabo\source\repos\szaboegon\latency-sensitive-faas\loadbalanced-app\load-testing\loadbalanced-app.jmx
2024-11-04 17:25:46,055 INFO o.a.j.p.h.s.HTTPSamplerBase: Parser for text/html is org.apache.jmeter.protocol.http.parser.LagartoBasedHtmlParser
2024-11-04 17:25:46,055 INFO o.a.j.p.h.s.HTTPSamplerBase: Parser for application/xhtml+xml is org.apache.jmeter.protocol.http.parser.LagartoBasedHtmlParser
2024-11-04 17:25:46,055 INFO o.a.j.p.h.s.HTTPSamplerBase: Parser for application/xml is org.apache.jmeter.protocol.http.parser.LagartoBasedHtmlParser
2024-11-04 17:25:46,055 INFO o.a.j.p.h.s.HTTPSamplerBase: Parser for text/xml is org.apache.jmeter.protocol.http.parser.LagartoBasedHtmlParser
2024-11-04 17:25:46,056 INFO o.a.j.p.h.s.HTTPSamplerBase: Parser for text/vnd.wap.wml is org.apache.jmeter.protocol.http.parser.RegexpHTMLParser
2024-11-04 17:25:46,056 INFO o.a.j.p.h.s.HTTPSamplerBase: Parser for text/css is org.apache.jmeter.protocol.http.parser.CssParser
2024-11-04 17:25:46,580 INFO o.a.j.s.SampleResult: Note: Sample TimeStamps are START times
2024-11-04 17:25:46,580 INFO o.a.j.s.SampleResult: sampleresult.default.encoding is set to UTF-8
2024-11-04 17:25:46,580 INFO o.a.j.s.SampleResult: sampleresult.useNanoTime=true
2024-11-04 17:25:46,580 INFO o.a.j.s.SampleResult: sampleresult.nanoThreadSleep=5000
2024-11-04 17:25:46,720 INFO o.a.j.r.ClassFinder: Will scan jar C:\Program Files\apache-jmeter-5.6.3\lib\ext\jmeter-plugins-cmn-jmeter-0.7.jar with filter ExtendsClassFilter [parents=[interface org.apache.jmeter.visualizers.ResultRenderer], inner=false, contains=null, notContains=null]. Consider exposing JMeter plugins via META-INF/services, and add JMeter-Skip-Class-Scanning=true manifest attribute so JMeter can skip classfile scanning
2024-11-04 17:25:46,723 INFO o.a.j.r.ClassFinder: Will scan jar C:\Program Files\apache-jmeter-5.6.3\lib\ext\json-lib-2.4-jdk15.jar with filter ExtendsClassFilter [parents=[interface org.apache.jmeter.visualizers.ResultRenderer], inner=false, contains=null, notContains=null]. Consider exposing JMeter plugins via META-INF/services, and add JMeter-Skip-Class-Scanning=true manifest attribute so JMeter can skip classfile scanning
2024-11-04 17:25:46,724 INFO o.a.j.r.ClassFinder: Will scan jar C:\Program Files\apache-jmeter-5.6.3\lib\ext\jmeter-plugins-manager-1.10.jar with filter ExtendsClassFilter [parents=[interface org.apache.jmeter.visualizers.ResultRenderer], inner=false, contains=null, notContains=null]. Consider exposing JMeter plugins via META-INF/services, and add JMeter-Skip-Class-Scanning=true manifest attribute so JMeter can skip classfile scanning
2024-11-04 17:25:46,726 INFO o.a.j.r.ClassFinder: Will scan jar C:\Program Files\apache-jmeter-5.6.3\lib\ext\jmeter-plugins-functions-2.2.jar with filter ExtendsClassFilter [parents=[interface org.apache.jmeter.visualizers.ResultRenderer], inner=false, contains=null, notContains=null]. Consider exposing JMeter plugins via META-INF/services, and add JMeter-Skip-Class-Scanning=true manifest attribute so JMeter can skip classfile scanning
2024-11-04 17:25:46,726 INFO o.a.j.r.ClassFinder: Will scan jar C:\Program Files\apache-jmeter-5.6.3\lib\ext\cmdrunner-2.3.jar with filter ExtendsClassFilter [parents=[interface org.apache.jmeter.visualizers.ResultRenderer], inner=false, contains=null, notContains=null]. Consider exposing JMeter plugins via META-INF/services, and add JMeter-Skip-Class-Scanning=true manifest attribute so JMeter can skip classfile scanning
2024-11-04 17:25:46,752 INFO o.a.j.r.ClassFinder: Will scan jar C:\Program Files\apache-jmeter-5.6.3\lib\ext\jmeter-plugins-cmn-jmeter-0.7.jar with filter ExtendsClassFilter [parents=[interface org.apache.jmeter.visualizers.RequestView], inner=false, contains=null, notContains=null]. Consider exposing JMeter plugins via META-INF/services, and add JMeter-Skip-Class-Scanning=true manifest attribute so JMeter can skip classfile scanning
2024-11-04 17:25:46,756 INFO o.a.j.r.ClassFinder: Will scan jar C:\Program Files\apache-jmeter-5.6.3\lib\ext\json-lib-2.4-jdk15.jar with filter ExtendsClassFilter [parents=[interface org.apache.jmeter.visualizers.RequestView], inner=false, contains=null, notContains=null]. Consider exposing JMeter plugins via META-INF/services, and add JMeter-Skip-Class-Scanning=true manifest attribute so JMeter can skip classfile scanning
2024-11-04 17:25:46,757 INFO o.a.j.r.ClassFinder: Will scan jar C:\Program Files\apache-jmeter-5.6.3\lib\ext\jmeter-plugins-manager-1.10.jar with filter ExtendsClassFilter [parents=[interface org.apache.jmeter.visualizers.RequestView], inner=false, contains=null, notContains=null]. Consider exposing JMeter plugins via META-INF/services, and add JMeter-Skip-Class-Scanning=true manifest attribute so JMeter can skip classfile scanning
2024-11-04 17:25:46,759 INFO o.a.j.r.ClassFinder: Will scan jar C:\Program Files\apache-jmeter-5.6.3\lib\ext\jmeter-plugins-functions-2.2.jar with filter ExtendsClassFilter [parents=[interface org.apache.jmeter.visualizers.RequestView], inner=false, contains=null, notContains=null]. Consider exposing JMeter plugins via META-INF/services, and add JMeter-Skip-Class-Scanning=true manifest attribute so JMeter can skip classfile scanning
2024-11-04 17:25:46,760 INFO o.a.j.r.ClassFinder: Will scan jar C:\Program Files\apache-jmeter-5.6.3\lib\ext\cmdrunner-2.3.jar with filter ExtendsClassFilter [parents=[interface org.apache.jmeter.visualizers.RequestView], inner=false, contains=null, notContains=null]. Consider exposing JMeter plugins via META-INF/services, and add JMeter-Skip-Class-Scanning=true manifest attribute so JMeter can skip classfile scanning
2024-11-04 17:25:46,835 INFO o.a.j.s.FileServer: Set new base='C:\Users\szabo\source\repos\szaboegon\latency-sensitive-faas\loadbalanced-app\load-testing'
2024-11-04 17:26:39,850 INFO o.a.j.e.StandardJMeterEngine: Running the test!
2024-11-04 17:26:39,851 INFO o.a.j.s.SampleEvent: List of sample_variables: []
2024-11-04 17:26:39,851 INFO o.a.j.s.SampleEvent: List of sample_variables: []
2024-11-04 17:26:39,852 INFO o.a.j.e.u.CompoundVariable: Note: Function class names must contain the string: '.functions.'
2024-11-04 17:26:39,852 INFO o.a.j.e.u.CompoundVariable: Note: Function class names must not contain the string: '.gui.'
2024-11-04 17:26:39,880 INFO o.a.j.r.ClassFinder: Will scan jar C:\Program Files\apache-jmeter-5.6.3\lib\ext\jmeter-plugins-cmn-jmeter-0.7.jar with filter ExtendsClassFilter [parents=[interface org.apache.jmeter.functions.Function], inner=false, contains=null, notContains=null]. Consider exposing JMeter plugins via META-INF/services, and add JMeter-Skip-Class-Scanning=true manifest attribute so JMeter can skip classfile scanning
2024-11-04 17:26:39,883 INFO o.a.j.r.ClassFinder: Will scan jar C:\Program Files\apache-jmeter-5.6.3\lib\ext\json-lib-2.4-jdk15.jar with filter ExtendsClassFilter [parents=[interface org.apache.jmeter.functions.Function], inner=false, contains=null, notContains=null]. Consider exposing JMeter plugins via META-INF/services, and add JMeter-Skip-Class-Scanning=true manifest attribute so JMeter can skip classfile scanning
2024-11-04 17:26:39,885 INFO o.a.j.r.ClassFinder: Will scan jar C:\Program Files\apache-jmeter-5.6.3\lib\ext\jmeter-plugins-manager-1.10.jar with filter ExtendsClassFilter [parents=[interface org.apache.jmeter.functions.Function], inner=false, contains=null, notContains=null]. Consider exposing JMeter plugins via META-INF/services, and add JMeter-Skip-Class-Scanning=true manifest attribute so JMeter can skip classfile scanning
2024-11-04 17:26:39,887 INFO o.a.j.r.ClassFinder: Will scan jar C:\Program Files\apache-jmeter-5.6.3\lib\ext\jmeter-plugins-functions-2.2.jar with filter ExtendsClassFilter [parents=[interface org.apache.jmeter.functions.Function], inner=false, contains=null, notContains=null]. Consider exposing JMeter plugins via META-INF/services, and add JMeter-Skip-Class-Scanning=true manifest attribute so JMeter can skip classfile scanning
2024-11-04 17:26:39,887 INFO o.a.j.r.ClassFinder: Will scan jar C:\Program Files\apache-jmeter-5.6.3\lib\ext\cmdrunner-2.3.jar with filter ExtendsClassFilter [parents=[interface org.apache.jmeter.functions.Function], inner=false, contains=null, notContains=null]. Consider exposing JMeter plugins via META-INF/services, and add JMeter-Skip-Class-Scanning=true manifest attribute so JMeter can skip classfile scanning
2024-11-04 17:26:39,902 INFO o.a.j.g.u.JMeterMenuBar: setRunning(true, *local*)
2024-11-04 17:26:39,938 INFO o.a.j.e.StandardJMeterEngine: Starting ThreadGroup: 1 : Thread Group
2024-11-04 17:26:39,938 INFO o.a.j.e.StandardJMeterEngine: Starting 10 threads for group Thread Group.
2024-11-04 17:26:39,938 INFO o.a.j.e.StandardJMeterEngine: Thread will continue on error
2024-11-04 17:26:39,939 INFO o.a.j.t.ThreadGroup: Starting thread group... number=1 threads=10 ramp-up=1 delayedStart=true
2024-11-04 17:26:39,940 INFO o.a.j.t.ThreadGroup: Started thread group number 1
2024-11-04 17:26:39,940 INFO o.a.j.e.StandardJMeterEngine: All thread groups have been started
2024-11-04 17:26:39,945 INFO o.a.j.t.JMeterThread: Thread started: Thread Group 1-1
2024-11-04 17:26:40,056 INFO o.a.j.t.JMeterThread: Thread started: Thread Group 1-2
2024-11-04 17:26:40,168 INFO o.a.j.t.JMeterThread: Thread started: Thread Group 1-3
2024-11-04 17:26:40,279 INFO o.a.j.t.JMeterThread: Thread started: Thread Group 1-4
2024-11-04 17:26:40,391 INFO o.a.j.t.JMeterThread: Thread started: Thread Group 1-5
2024-11-04 17:26:40,503 INFO o.a.j.t.JMeterThread: Thread started: Thread Group 1-6
2024-11-04 17:26:40,613 INFO o.a.j.t.JMeterThread: Thread started: Thread Group 1-7
2024-11-04 17:26:40,724 INFO o.a.j.t.JMeterThread: Thread started: Thread Group 1-8
2024-11-04 17:26:40,835 INFO o.a.j.t.JMeterThread: Thread started: Thread Group 1-9
2024-11-04 17:26:40,941 INFO o.a.j.t.JMeterThread: Thread started: Thread Group 1-10
2024-11-04 17:26:41,247 INFO o.a.j.p.h.s.HTTPHCAbstractImpl: Local host = Egon_PC
2024-11-04 17:26:41,252 INFO o.a.j.p.h.s.HTTPHC4Impl: HTTP request retry count = 0
2024-11-04 17:27:46,609 INFO o.a.j.g.a.Start: Stopping test
2024-11-04 17:27:46,622 INFO o.a.j.t.JMeterThread: Stopping: Thread Group 1-2
2024-11-04 17:27:46,623 WARN o.a.j.t.JMeterThread: Interrupting: Thread Group 1-2 sampler: HTTP Request
2024-11-04 17:27:46,623 INFO o.a.j.t.JMeterThread: Stopping: Thread Group 1-3
2024-11-04 17:27:46,623 WARN o.a.j.t.JMeterThread: Interrupting: Thread Group 1-3 sampler: HTTP Request
2024-11-04 17:27:46,624 INFO o.a.j.t.JMeterThread: Stopping: Thread Group 1-10
2024-11-04 17:27:46,624 WARN o.a.j.t.JMeterThread: Interrupting: Thread Group 1-10 sampler: HTTP Request
2024-11-04 17:27:46,624 INFO o.a.j.t.JMeterThread: Stopping: Thread Group 1-4
2024-11-04 17:27:46,624 WARN o.a.j.t.JMeterThread: Interrupting: Thread Group 1-4 sampler: HTTP Request
2024-11-04 17:27:46,624 INFO o.a.j.t.JMeterThread: Stopping: Thread Group 1-1
2024-11-04 17:27:46,624 WARN o.a.j.t.JMeterThread: Interrupting: Thread Group 1-1 sampler: HTTP Request
2024-11-04 17:27:46,627 INFO o.a.j.t.JMeterThread: Stopping: Thread Group 1-8
2024-11-04 17:27:46,628 WARN o.a.j.t.JMeterThread: Interrupting: Thread Group 1-8 sampler: HTTP Request
2024-11-04 17:27:46,629 INFO o.a.j.t.JMeterThread: Stopping: Thread Group 1-5
2024-11-04 17:27:46,629 WARN o.a.j.t.JMeterThread: Interrupting: Thread Group 1-5 sampler: HTTP Request
2024-11-04 17:27:46,629 INFO o.a.j.t.JMeterThread: Stopping: Thread Group 1-6
2024-11-04 17:27:46,629 WARN o.a.j.t.JMeterThread: Interrupting: Thread Group 1-6 sampler: HTTP Request
2024-11-04 17:27:46,629 INFO o.a.j.t.JMeterThread: Stopping: Thread Group 1-7
2024-11-04 17:27:46,629 WARN o.a.j.t.JMeterThread: Interrupting: Thread Group 1-7 sampler: HTTP Request
2024-11-04 17:27:46,630 INFO o.a.j.t.JMeterThread: Stopping: Thread Group 1-9
2024-11-04 17:27:46,630 WARN o.a.j.t.JMeterThread: Interrupting: Thread Group 1-9 sampler: HTTP Request
2024-11-04 17:27:46,630 INFO o.a.j.t.JMeterThread: Thread finished: Thread Group 1-10
2024-11-04 17:27:46,630 INFO o.a.j.t.JMeterThread: Thread finished: Thread Group 1-3
2024-11-04 17:27:46,630 INFO o.a.j.t.JMeterThread: Thread finished: Thread Group 1-2
2024-11-04 17:27:46,630 INFO o.a.j.t.JMeterThread: Thread finished: Thread Group 1-4
2024-11-04 17:27:46,636 INFO o.a.j.t.JMeterThread: Thread finished: Thread Group 1-1
2024-11-04 17:27:46,637 INFO o.a.j.t.JMeterThread: Thread finished: Thread Group 1-5
2024-11-04 17:27:46,637 INFO o.a.j.t.JMeterThread: Thread finished: Thread Group 1-6
2024-11-04 17:27:46,639 INFO o.a.j.t.JMeterThread: Thread finished: Thread Group 1-8
2024-11-04 17:27:46,640 INFO o.a.j.t.JMeterThread: Thread finished: Thread Group 1-7
2024-11-04 17:27:46,640 INFO o.a.j.t.JMeterThread: Thread finished: Thread Group 1-9
2024-11-04 17:27:46,640 INFO o.a.j.e.StandardJMeterEngine: Notifying test listeners of end of test
2024-11-04 17:27:46,643 INFO o.a.j.g.u.JMeterMenuBar: setRunning(false, *local*)
2024-11-04 17:27:53,784 INFO o.a.j.e.StandardJMeterEngine: Running the test!
2024-11-04 17:27:53,785 INFO o.a.j.s.SampleEvent: List of sample_variables: []
2024-11-04 17:27:53,786 INFO o.a.j.g.u.JMeterMenuBar: setRunning(true, *local*)
2024-11-04 17:27:53,834 INFO o.a.j.e.StandardJMeterEngine: Starting ThreadGroup: 1 : Thread Group
2024-11-04 17:27:53,836 INFO o.a.j.e.StandardJMeterEngine: Starting 2 threads for group Thread Group.
2024-11-04 17:27:53,836 INFO o.a.j.e.StandardJMeterEngine: Thread will continue on error
2024-11-04 17:27:53,836 INFO o.a.j.t.ThreadGroup: Starting thread group... number=1 threads=2 ramp-up=1 delayedStart=true
2024-11-04 17:27:53,836 INFO o.a.j.t.ThreadGroup: Started thread group number 1
2024-11-04 17:27:53,836 INFO o.a.j.e.StandardJMeterEngine: All thread groups have been started
2024-11-04 17:27:53,838 INFO o.a.j.t.JMeterThread: Thread started: Thread Group 1-1
2024-11-04 17:27:54,852 INFO o.a.j.t.JMeterThread: Thread started: Thread Group 1-2
2024-11-04 17:28:13,689 INFO o.a.j.g.a.Start: Stopping test
2024-11-04 17:28:13,700 INFO o.a.j.t.JMeterThread: Stopping: Thread Group 1-1
2024-11-04 17:28:13,700 WARN o.a.j.t.JMeterThread: Interrupting: Thread Group 1-1 sampler: HTTP Request
2024-11-04 17:28:13,700 INFO o.a.j.t.JMeterThread: Stopping: Thread Group 1-2
2024-11-04 17:28:13,700 WARN o.a.j.t.JMeterThread: Interrupting: Thread Group 1-2 sampler: HTTP Request
2024-11-04 17:28:13,704 INFO o.a.j.t.JMeterThread: Thread finished: Thread Group 1-2
2024-11-04 17:28:13,705 INFO o.a.j.t.JMeterThread: Thread finished: Thread Group 1-1
2024-11-04 17:28:13,705 INFO o.a.j.e.StandardJMeterEngine: Notifying test listeners of end of test
2024-11-04 17:28:13,706 INFO o.a.j.g.u.JMeterMenuBar: setRunning(false, *local*)
2024-11-04 17:28:24,960 INFO o.a.j.e.StandardJMeterEngine: Running the test!
2024-11-04 17:28:24,960 INFO o.a.j.s.SampleEvent: List of sample_variables: []
2024-11-04 17:28:24,962 INFO o.a.j.g.u.JMeterMenuBar: setRunning(true, *local*)
2024-11-04 17:28:25,002 INFO o.a.j.e.StandardJMeterEngine: Starting ThreadGroup: 1 : Thread Group
2024-11-04 17:28:25,003 INFO o.a.j.e.StandardJMeterEngine: Starting 2 threads for group Thread Group.
2024-11-04 17:28:25,003 INFO o.a.j.e.StandardJMeterEngine: Thread will continue on error
2024-11-04 17:28:25,003 INFO o.a.j.t.ThreadGroup: Starting thread group... number=1 threads=2 ramp-up=1 delayedStart=true
2024-11-04 17:28:25,003 INFO o.a.j.t.ThreadGroup: Started thread group number 1
2024-11-04 17:28:25,003 INFO o.a.j.e.StandardJMeterEngine: All thread groups have been started
2024-11-04 17:28:25,004 INFO o.a.j.t.JMeterThread: Thread started: Thread Group 1-1
2024-11-04 17:28:26,005 INFO o.a.j.t.JMeterThread: Thread started: Thread Group 1-2
2024-11-04 17:31:12,666 INFO o.a.j.g.a.Start: Stopping test
2024-11-04 17:31:12,696 INFO o.a.j.t.JMeterThread: Stopping: Thread Group 1-2
2024-11-04 17:31:12,697 WARN o.a.j.t.JMeterThread: Interrupting: Thread Group 1-2 sampler: HTTP Request
2024-11-04 17:31:12,698 INFO o.a.j.t.JMeterThread: Stopping: Thread Group 1-1
2024-11-04 17:31:12,698 WARN o.a.j.t.JMeterThread: Interrupting: Thread Group 1-1 sampler: HTTP Request
2024-11-04 17:31:12,700 INFO o.a.j.t.JMeterThread: Thread finished: Thread Group 1-1
2024-11-04 17:31:12,700 INFO o.a.j.t.JMeterThread: Thread finished: Thread Group 1-2
2024-11-04 17:31:12,701 INFO o.a.j.e.StandardJMeterEngine: Notifying test listeners of end of test
2024-11-04 17:31:12,702 INFO o.a.j.g.u.JMeterMenuBar: setRunning(false, *local*)
2024-11-04 17:31:30,475 INFO o.a.j.e.StandardJMeterEngine: Running the test!
2024-11-04 17:31:30,475 INFO o.a.j.s.SampleEvent: List of sample_variables: []
2024-11-04 17:31:30,477 INFO o.a.j.g.u.JMeterMenuBar: setRunning(true, *local*)
2024-11-04 17:31:30,515 INFO o.a.j.e.StandardJMeterEngine: Starting ThreadGroup: 1 : Thread Group
2024-11-04 17:31:30,515 INFO o.a.j.e.StandardJMeterEngine: Starting 10 threads for group Thread Group.
2024-11-04 17:31:30,515 INFO o.a.j.e.StandardJMeterEngine: Thread will continue on error
2024-11-04 17:31:30,515 INFO o.a.j.t.ThreadGroup: Starting thread group... number=1 threads=10 ramp-up=1 delayedStart=true
2024-11-04 17:31:30,517 INFO o.a.j.t.ThreadGroup: Started thread group number 1
2024-11-04 17:31:30,517 INFO o.a.j.e.StandardJMeterEngine: All thread groups have been started
2024-11-04 17:31:30,518 INFO o.a.j.t.JMeterThread: Thread started: Thread Group 1-1
2024-11-04 17:31:30,630 INFO o.a.j.t.JMeterThread: Thread started: Thread Group 1-2
2024-11-04 17:31:30,743 INFO o.a.j.t.JMeterThread: Thread started: Thread Group 1-3
2024-11-04 17:31:30,854 INFO o.a.j.t.JMeterThread: Thread started: Thread Group 1-4
2024-11-04 17:31:30,967 INFO o.a.j.t.JMeterThread: Thread started: Thread Group 1-5
2024-11-04 17:31:31,078 INFO o.a.j.t.JMeterThread: Thread started: Thread Group 1-6
2024-11-04 17:31:31,202 INFO o.a.j.t.JMeterThread: Thread started: Thread Group 1-7
2024-11-04 17:31:31,310 INFO o.a.j.t.JMeterThread: Thread started: Thread Group 1-8
2024-11-04 17:31:31,413 INFO o.a.j.t.JMeterThread: Thread started: Thread Group 1-9
2024-11-04 17:31:31,518 INFO o.a.j.t.JMeterThread: Thread started: Thread Group 1-10
2024-11-04 17:31:47,030 INFO o.a.j.g.a.Start: Stopping test
2024-11-04 17:31:47,040 INFO o.a.j.t.JMeterThread: Stopping: Thread Group 1-7
2024-11-04 17:31:47,040 WARN o.a.j.t.JMeterThread: Interrupting: Thread Group 1-7 sampler: HTTP Request
2024-11-04 17:31:47,041 INFO o.a.j.t.JMeterThread: Stopping: Thread Group 1-4
2024-11-04 17:31:47,041 WARN o.a.j.t.JMeterThread: Interrupting: Thread Group 1-4 sampler: HTTP Request
2024-11-04 17:31:47,041 INFO o.a.j.t.JMeterThread: Stopping: Thread Group 1-2
2024-11-04 17:31:47,041 WARN o.a.j.t.JMeterThread: Interrupting: Thread Group 1-2 sampler: HTTP Request
2024-11-04 17:31:47,041 INFO o.a.j.t.JMeterThread: Stopping: Thread Group 1-10
2024-11-04 17:31:47,041 WARN o.a.j.t.JMeterThread: Interrupting: Thread Group 1-10 sampler: HTTP Request
2024-11-04 17:31:47,041 INFO o.a.j.t.JMeterThread: Stopping: Thread Group 1-5
2024-11-04 17:31:47,042 WARN o.a.j.t.JMeterThread: Interrupting: Thread Group 1-5 sampler: HTTP Request
2024-11-04 17:31:47,043 INFO o.a.j.t.JMeterThread: Stopping: Thread Group 1-3
2024-11-04 17:31:47,044 WARN o.a.j.t.JMeterThread: Interrupting: Thread Group 1-3 sampler: HTTP Request
2024-11-04 17:31:47,044 INFO o.a.j.t.JMeterThread: Thread finished: Thread Group 1-2
2024-11-04 17:31:47,045 INFO o.a.j.t.JMeterThread: Stopping: Thread Group 1-8
2024-11-04 17:31:47,045 WARN o.a.j.t.JMeterThread: Interrupting: Thread Group 1-8 sampler: HTTP Request
2024-11-04 17:31:47,045 INFO o.a.j.t.JMeterThread: Thread finished: Thread Group 1-7
2024-11-04 17:31:47,046 INFO o.a.j.t.JMeterThread: Thread finished: Thread Group 1-10
2024-11-04 17:31:47,046 INFO o.a.j.t.JMeterThread: Stopping: Thread Group 1-9
2024-11-04 17:31:47,046 WARN o.a.j.t.JMeterThread: Interrupting: Thread Group 1-9 sampler: HTTP Request
2024-11-04 17:31:47,046 INFO o.a.j.t.JMeterThread: Thread finished: Thread Group 1-4
2024-11-04 17:31:47,046 INFO o.a.j.t.JMeterThread: Stopping: Thread Group 1-1
2024-11-04 17:31:47,046 INFO o.a.j.t.JMeterThread: Thread finished: Thread Group 1-5
2024-11-04 17:31:47,046 WARN o.a.j.t.JMeterThread: Interrupting: Thread Group 1-1 sampler: HTTP Request
2024-11-04 17:31:47,047 INFO o.a.j.t.JMeterThread: Stopping: Thread Group 1-6
2024-11-04 17:31:47,047 WARN o.a.j.t.JMeterThread: Interrupting: Thread Group 1-6 sampler: HTTP Request
2024-11-04 17:31:47,049 INFO o.a.j.t.JMeterThread: Thread finished: Thread Group 1-3
2024-11-04 17:31:47,049 INFO o.a.j.t.JMeterThread: Thread finished: Thread Group 1-8
2024-11-04 17:31:47,049 INFO o.a.j.t.JMeterThread: Thread finished: Thread Group 1-9
2024-11-04 17:31:47,050 INFO o.a.j.t.JMeterThread: Thread finished: Thread Group 1-1
2024-11-04 17:31:47,050 INFO o.a.j.t.JMeterThread: Thread finished: Thread Group 1-6
2024-11-04 17:31:47,051 INFO o.a.j.e.StandardJMeterEngine: Notifying test listeners of end of test
2024-11-04 17:31:47,052 INFO o.a.j.g.u.JMeterMenuBar: setRunning(false, *local*)
2024-11-04 17:33:24,904 INFO o.a.j.e.StandardJMeterEngine: Running the test!
2024-11-04 17:33:24,905 INFO o.a.j.s.SampleEvent: List of sample_variables: []
2024-11-04 17:33:24,906 INFO o.a.j.g.u.JMeterMenuBar: setRunning(true, *local*)
2024-11-04 17:33:24,945 INFO o.a.j.e.StandardJMeterEngine: Starting ThreadGroup: 1 : Thread Group
2024-11-04 17:33:24,946 INFO o.a.j.e.StandardJMeterEngine: Starting 10 threads for group Thread Group.
2024-11-04 17:33:24,946 INFO o.a.j.e.StandardJMeterEngine: Thread will continue on error
2024-11-04 17:33:24,946 INFO o.a.j.t.ThreadGroup: Starting thread group... number=1 threads=10 ramp-up=1 delayedStart=true
2024-11-04 17:33:24,946 INFO o.a.j.t.ThreadGroup: Started thread group number 1
2024-11-04 17:33:24,946 INFO o.a.j.e.StandardJMeterEngine: All thread groups have been started
2024-11-04 17:33:24,947 INFO o.a.j.t.JMeterThread: Thread started: Thread Group 1-1
2024-11-04 17:33:25,061 INFO o.a.j.t.JMeterThread: Thread started: Thread Group 1-2
2024-11-04 17:33:25,176 INFO o.a.j.t.JMeterThread: Thread started: Thread Group 1-3
2024-11-04 17:33:25,293 INFO o.a.j.t.JMeterThread: Thread started: Thread Group 1-4
2024-11-04 17:33:25,404 INFO o.a.j.t.JMeterThread: Thread started: Thread Group 1-5
2024-11-04 17:33:25,516 INFO o.a.j.t.JMeterThread: Thread started: Thread Group 1-6
2024-11-04 17:33:25,624 INFO o.a.j.t.JMeterThread: Thread started: Thread Group 1-7
2024-11-04 17:33:25,739 INFO o.a.j.t.JMeterThread: Thread started: Thread Group 1-8
2024-11-04 17:33:25,848 INFO o.a.j.t.JMeterThread: Thread started: Thread Group 1-9
2024-11-04 17:33:25,959 INFO o.a.j.t.JMeterThread: Thread started: Thread Group 1-10
2024-11-04 17:35:17,977 INFO o.a.j.g.a.Start: Stopping test
2024-11-04 17:35:17,987 INFO o.a.j.t.JMeterThread: Stopping: Thread Group 1-1
2024-11-04 17:35:17,987 INFO o.a.j.t.JMeterThread: Stopping: Thread Group 1-4
2024-11-04 17:35:17,987 INFO o.a.j.t.JMeterThread: Stopping: Thread Group 1-2
2024-11-04 17:35:17,987 INFO o.a.j.t.JMeterThread: Stopping: Thread Group 1-7
2024-11-04 17:35:17,987 INFO o.a.j.t.JMeterThread: Stopping: Thread Group 1-8
2024-11-04 17:35:17,987 INFO o.a.j.t.JMeterThread: Stopping: Thread Group 1-9
2024-11-04 17:35:17,987 INFO o.a.j.t.JMeterThread: Stopping: Thread Group 1-3
2024-11-04 17:35:17,987 INFO o.a.j.t.JMeterThread: Stopping: Thread Group 1-6
2024-11-04 17:35:17,987 INFO o.a.j.t.JMeterThread: Stopping: Thread Group 1-10
2024-11-04 17:35:17,987 WARN o.a.j.t.JMeterThread: The delay timer was interrupted - probably did not wait as long as intended.
2024-11-04 17:35:17,987 WARN o.a.j.t.JMeterThread: The delay timer was interrupted - probably did not wait as long as intended.
2024-11-04 17:35:17,987 WARN o.a.j.t.JMeterThread: The delay timer was interrupted - probably did not wait as long as intended.
2024-11-04 17:35:17,987 INFO o.a.j.t.JMeterThread: Stopping: Thread Group 1-5
2024-11-04 17:35:17,987 WARN o.a.j.t.JMeterThread: The delay timer was interrupted - probably did not wait as long as intended.
2024-11-04 17:35:17,987 WARN o.a.j.t.JMeterThread: The delay timer was interrupted - probably did not wait as long as intended.
2024-11-04 17:35:17,987 WARN o.a.j.t.JMeterThread: The delay timer was interrupted - probably did not wait as long as intended.
2024-11-04 17:35:17,987 WARN o.a.j.t.JMeterThread: The delay timer was interrupted - probably did not wait as long as intended.
2024-11-04 17:35:17,987 WARN o.a.j.t.JMeterThread: The delay timer was interrupted - probably did not wait as long as intended.
2024-11-04 17:35:17,988 INFO o.a.j.t.JMeterThread: Thread finished: Thread Group 1-9
2024-11-04 17:35:17,988 INFO o.a.j.t.JMeterThread: Thread finished: Thread Group 1-6
2024-11-04 17:35:17,988 INFO o.a.j.t.JMeterThread: Thread finished: Thread Group 1-4
2024-11-04 17:35:17,988 WARN o.a.j.t.JMeterThread: The delay timer was interrupted - probably did not wait as long as intended.
2024-11-04 17:35:17,988 INFO o.a.j.t.JMeterThread: Thread finished: Thread Group 1-7
2024-11-04 17:35:17,988 INFO o.a.j.t.JMeterThread: Thread finished: Thread Group 1-8
2024-11-04 17:35:17,988 INFO o.a.j.t.JMeterThread: Thread finished: Thread Group 1-2
2024-11-04 17:35:17,988 INFO o.a.j.t.JMeterThread: Thread finished: Thread Group 1-1
2024-11-04 17:35:17,988 INFO o.a.j.t.JMeterThread: Thread finished: Thread Group 1-5
2024-11-04 17:35:17,988 INFO o.a.j.t.JMeterThread: Thread finished: Thread Group 1-3
2024-11-04 17:35:17,988 WARN o.a.j.t.JMeterThread: The delay timer was interrupted - probably did not wait as long as intended.
2024-11-04 17:35:17,988 INFO o.a.j.t.JMeterThread: Thread finished: Thread Group 1-10
2024-11-04 17:35:17,988 INFO o.a.j.e.StandardJMeterEngine: Notifying test listeners of end of test
2024-11-04 17:35:17,989 INFO o.a.j.g.u.JMeterMenuBar: setRunning(false, *local*)
2024-11-04 17:36:58,764 INFO o.a.j.e.StandardJMeterEngine: Running the test!
2024-11-04 17:36:58,764 INFO o.a.j.s.SampleEvent: List of sample_variables: []
2024-11-04 17:36:58,767 INFO o.a.j.g.u.JMeterMenuBar: setRunning(true, *local*)
2024-11-04 17:36:58,816 INFO o.a.j.e.StandardJMeterEngine: Starting ThreadGroup: 1 : Thread Group
2024-11-04 17:36:58,816 INFO o.a.j.e.StandardJMeterEngine: Starting 10 threads for group Thread Group.
2024-11-04 17:36:58,816 INFO o.a.j.e.StandardJMeterEngine: Thread will continue on error
2024-11-04 17:36:58,816 INFO o.a.j.t.ThreadGroup: Starting thread group... number=1 threads=10 ramp-up=1 delayedStart=true
2024-11-04 17:36:58,817 INFO o.a.j.t.ThreadGroup: Started thread group number 1
2024-11-04 17:36:58,817 INFO o.a.j.e.StandardJMeterEngine: All thread groups have been started
2024-11-04 17:36:58,818 INFO o.a.j.t.JMeterThread: Thread started: Thread Group 1-1
2024-11-04 17:36:58,931 INFO o.a.j.t.JMeterThread: Thread started: Thread Group 1-2
2024-11-04 17:36:59,043 INFO o.a.j.t.JMeterThread: Thread started: Thread Group 1-3
2024-11-04 17:36:59,156 INFO o.a.j.t.JMeterThread: Thread started: Thread Group 1-4
2024-11-04 17:36:59,275 INFO o.a.j.t.JMeterThread: Thread started: Thread Group 1-5
2024-11-04 17:36:59,384 INFO o.a.j.t.JMeterThread: Thread started: Thread Group 1-6
2024-11-04 17:36:59,492 INFO o.a.j.t.JMeterThread: Thread started: Thread Group 1-7
2024-11-04 17:36:59,601 INFO o.a.j.t.JMeterThread: Thread started: Thread Group 1-8
2024-11-04 17:36:59,710 INFO o.a.j.t.JMeterThread: Thread started: Thread Group 1-9
2024-11-04 17:36:59,818 INFO o.a.j.t.JMeterThread: Thread started: Thread Group 1-10
2024-11-04 17:37:23,426 INFO o.a.j.g.a.Start: Stopping test
2024-11-04 17:37:23,439 INFO o.a.j.t.JMeterThread: Stopping: Thread Group 1-3
2024-11-04 17:37:23,439 WARN o.a.j.t.JMeterThread: Interrupting: Thread Group 1-3 sampler: HTTP Request
2024-11-04 17:37:23,439 INFO o.a.j.t.JMeterThread: Stopping: Thread Group 1-4
2024-11-04 17:37:23,439 WARN o.a.j.t.JMeterThread: Interrupting: Thread Group 1-4 sampler: HTTP Request
2024-11-04 17:37:23,440 INFO o.a.j.t.JMeterThread: Stopping: Thread Group 1-6
2024-11-04 17:37:23,440 WARN o.a.j.t.JMeterThread: Interrupting: Thread Group 1-6 sampler: HTTP Request
2024-11-04 17:37:23,440 INFO o.a.j.t.JMeterThread: Stopping: Thread Group 1-1
2024-11-04 17:37:23,440 WARN o.a.j.t.JMeterThread: Interrupting: Thread Group 1-1 sampler: HTTP Request
2024-11-04 17:37:23,440 INFO o.a.j.t.JMeterThread: Stopping: Thread Group 1-9
2024-11-04 17:37:23,441 WARN o.a.j.t.JMeterThread: Interrupting: Thread Group 1-9 sampler: HTTP Request
2024-11-04 17:37:23,441 INFO o.a.j.t.JMeterThread: Stopping: Thread Group 1-10
2024-11-04 17:37:23,441 WARN o.a.j.t.JMeterThread: Interrupting: Thread Group 1-10 sampler: HTTP Request
2024-11-04 17:37:23,441 INFO o.a.j.t.JMeterThread: Stopping: Thread Group 1-2
2024-11-04 17:37:23,442 WARN o.a.j.t.JMeterThread: Interrupting: Thread Group 1-2 sampler: HTTP Request
2024-11-04 17:37:23,443 INFO o.a.j.t.JMeterThread: Thread finished: Thread Group 1-6
2024-11-04 17:37:23,444 INFO o.a.j.t.JMeterThread: Thread finished: Thread Group 1-3
2024-11-04 17:37:23,444 INFO o.a.j.t.JMeterThread: Thread finished: Thread Group 1-4
2024-11-04 17:37:23,444 INFO o.a.j.t.JMeterThread: Thread finished: Thread Group 1-10
2024-11-04 17:37:23,444 INFO o.a.j.t.JMeterThread: Stopping: Thread Group 1-5
2024-11-04 17:37:23,445 INFO o.a.j.t.JMeterThread: Thread finished: Thread Group 1-9
2024-11-04 17:37:23,445 WARN o.a.j.t.JMeterThread: Interrupting: Thread Group 1-5 sampler: HTTP Request
2024-11-04 17:37:23,445 INFO o.a.j.t.JMeterThread: Thread finished: Thread Group 1-1
2024-11-04 17:37:23,445 INFO o.a.j.t.JMeterThread: Stopping: Thread Group 1-8
2024-11-04 17:37:23,445 WARN o.a.j.t.JMeterThread: Interrupting: Thread Group 1-8 sampler: HTTP Request
2024-11-04 17:37:23,446 INFO o.a.j.t.JMeterThread: Stopping: Thread Group 1-7
2024-11-04 17:37:23,446 WARN o.a.j.t.JMeterThread: Interrupting: Thread Group 1-7 sampler: HTTP Request
2024-11-04 17:37:23,449 INFO o.a.j.t.JMeterThread: Thread finished: Thread Group 1-2
2024-11-04 17:37:23,451 INFO o.a.j.t.JMeterThread: Thread finished: Thread Group 1-8
2024-11-04 17:37:23,452 INFO o.a.j.t.JMeterThread: Thread finished: Thread Group 1-7
2024-11-04 17:37:23,453 INFO o.a.j.t.JMeterThread: Thread finished: Thread Group 1-5
2024-11-04 17:37:23,454 INFO o.a.j.e.StandardJMeterEngine: Notifying test listeners of end of test
2024-11-04 17:37:23,455 INFO o.a.j.g.u.JMeterMenuBar: setRunning(false, *local*)
2024-11-04 17:37:44,459 INFO o.a.j.e.StandardJMeterEngine: Running the test!
2024-11-04 17:37:44,460 INFO o.a.j.s.SampleEvent: List of sample_variables: []
2024-11-04 17:37:44,461 INFO o.a.j.g.u.JMeterMenuBar: setRunning(true, *local*)
2024-11-04 17:37:44,494 INFO o.a.j.e.StandardJMeterEngine: Starting ThreadGroup: 1 : Thread Group
2024-11-04 17:37:44,494 INFO o.a.j.e.StandardJMeterEngine: Starting 1 threads for group Thread Group.
2024-11-04 17:37:44,494 INFO o.a.j.e.StandardJMeterEngine: Thread will continue on error
2024-11-04 17:37:44,494 INFO o.a.j.t.ThreadGroup: Starting thread group... number=1 threads=1 ramp-up=1 delayedStart=true
2024-11-04 17:37:44,494 INFO o.a.j.t.ThreadGroup: Started thread group number 1
2024-11-04 17:37:44,494 INFO o.a.j.e.StandardJMeterEngine: All thread groups have been started
2024-11-04 17:37:44,495 INFO o.a.j.t.JMeterThread: Thread started: Thread Group 1-1
2024-11-04 17:38:20,668 INFO o.a.j.g.a.Start: Stopping test
2024-11-04 17:38:20,677 INFO o.a.j.t.JMeterThread: Stopping: Thread Group 1-1
2024-11-04 17:38:20,677 WARN o.a.j.t.JMeterThread: Interrupting: Thread Group 1-1 sampler: HTTP Request
2024-11-04 17:38:20,679 INFO o.a.j.t.JMeterThread: Thread finished: Thread Group 1-1
2024-11-04 17:38:20,680 INFO o.a.j.e.StandardJMeterEngine: Notifying test listeners of end of test
2024-11-04 17:38:20,680 INFO o.a.j.g.u.JMeterMenuBar: setRunning(false, *local*)
2024-11-04 17:39:02,937 INFO o.a.j.e.StandardJMeterEngine: Running the test!
2024-11-04 17:39:02,938 INFO o.a.j.s.SampleEvent: List of sample_variables: []
2024-11-04 17:39:02,939 INFO o.a.j.g.u.JMeterMenuBar: setRunning(true, *local*)
2024-11-04 17:39:02,977 INFO o.a.j.e.StandardJMeterEngine: Starting ThreadGroup: 1 : Thread Group
2024-11-04 17:39:02,977 INFO o.a.j.e.StandardJMeterEngine: Starting 1 threads for group Thread Group.
2024-11-04 17:39:02,977 INFO o.a.j.e.StandardJMeterEngine: Thread will continue on error
2024-11-04 17:39:02,977 INFO o.a.j.t.ThreadGroup: Starting thread group... number=1 threads=1 ramp-up=1 delayedStart=true
2024-11-04 17:39:02,977 INFO o.a.j.t.ThreadGroup: Started thread group number 1
2024-11-04 17:39:02,977 INFO o.a.j.e.StandardJMeterEngine: All thread groups have been started
2024-11-04 17:39:02,978 INFO o.a.j.t.JMeterThread: Thread started: Thread Group 1-1
2024-11-04 17:47:30,520 INFO o.a.j.g.a.Start: Stopping test
2024-11-04 17:47:30,538 INFO o.a.j.t.JMeterThread: Stopping: Thread Group 1-1
2024-11-04 17:47:30,539 WARN o.a.j.t.JMeterThread: Interrupting: Thread Group 1-1 sampler: HTTP Request
2024-11-04 17:47:30,543 INFO o.a.j.t.JMeterThread: Thread finished: Thread Group 1-1
2024-11-04 17:47:30,543 INFO o.a.j.e.StandardJMeterEngine: Notifying test listeners of end of test
2024-11-04 17:47:30,544 INFO o.a.j.g.u.JMeterMenuBar: setRunning(false, *local*)
2024-11-04 17:50:23,671 INFO o.a.j.e.StandardJMeterEngine: Running the test!
2024-11-04 17:50:23,672 INFO o.a.j.s.SampleEvent: List of sample_variables: []
2024-11-04 17:50:23,674 INFO o.a.j.g.u.JMeterMenuBar: setRunning(true, *local*)
2024-11-04 17:50:23,711 INFO o.a.j.e.StandardJMeterEngine: Starting ThreadGroup: 1 : Thread Group
2024-11-04 17:50:23,711 INFO o.a.j.e.StandardJMeterEngine: Starting 1 threads for group Thread Group.
2024-11-04 17:50:23,711 INFO o.a.j.e.StandardJMeterEngine: Thread will continue on error
2024-11-04 17:50:23,712 INFO o.a.j.t.ThreadGroup: Starting thread group... number=1 threads=1 ramp-up=1 delayedStart=true
2024-11-04 17:50:23,712 INFO o.a.j.t.ThreadGroup: Started thread group number 1
2024-11-04 17:50:23,712 INFO o.a.j.e.StandardJMeterEngine: All thread groups have been started
2024-11-04 17:50:23,713 INFO o.a.j.t.JMeterThread: Thread started: Thread Group 1-1
2024-11-04 17:50:45,397 INFO o.a.j.g.a.Start: Stopping test
2024-11-04 17:50:45,420 INFO o.a.j.t.JMeterThread: Stopping: Thread Group 1-1
2024-11-04 17:50:45,421 WARN o.a.j.t.JMeterThread: Interrupting: Thread Group 1-1 sampler: HTTP Request
2024-11-04 17:50:45,424 INFO o.a.j.t.JMeterThread: Thread finished: Thread Group 1-1
2024-11-04 17:50:45,424 INFO o.a.j.e.StandardJMeterEngine: Notifying test listeners of end of test
2024-11-04 17:50:45,425 INFO o.a.j.g.u.JMeterMenuBar: setRunning(false, *local*)
2024-11-04 17:51:50,170 INFO o.a.j.e.StandardJMeterEngine: Running the test!
2024-11-04 17:51:50,171 INFO o.a.j.s.SampleEvent: List of sample_variables: []
2024-11-04 17:51:50,172 INFO o.a.j.g.u.JMeterMenuBar: setRunning(true, *local*)
2024-11-04 17:51:50,207 INFO o.a.j.e.StandardJMeterEngine: Starting ThreadGroup: 1 : Thread Group
2024-11-04 17:51:50,207 INFO o.a.j.e.StandardJMeterEngine: Starting 1 threads for group Thread Group.
2024-11-04 17:51:50,208 INFO o.a.j.e.StandardJMeterEngine: Thread will continue on error
2024-11-04 17:51:50,208 INFO o.a.j.t.ThreadGroup: Starting thread group... number=1 threads=1 ramp-up=1 delayedStart=true
2024-11-04 17:51:50,208 INFO o.a.j.t.ThreadGroup: Started thread group number 1
2024-11-04 17:51:50,208 INFO o.a.j.e.StandardJMeterEngine: All thread groups have been started
2024-11-04 17:51:50,209 INFO o.a.j.t.JMeterThread: Thread started: Thread Group 1-1
2024-11-04 17:51:52,040 INFO o.a.j.g.a.Start: Stopping test
2024-11-04 17:51:52,067 INFO o.a.j.t.JMeterThread: Stopping: Thread Group 1-1
2024-11-04 17:51:52,069 WARN o.a.j.t.JMeterThread: Interrupting: Thread Group 1-1 sampler: HTTP Request
2024-11-04 17:51:52,074 INFO o.a.j.t.JMeterThread: Thread finished: Thread Group 1-1
2024-11-04 17:51:52,074 INFO o.a.j.e.StandardJMeterEngine: Notifying test listeners of end of test
2024-11-04 17:51:52,075 INFO o.a.j.g.u.JMeterMenuBar: setRunning(false, *local*)
2024-11-04 17:52:25,623 INFO o.a.j.e.StandardJMeterEngine: Running the test!
2024-11-04 17:52:25,624 INFO o.a.j.s.SampleEvent: List of sample_variables: []
2024-11-04 17:52:25,626 INFO o.a.j.g.u.JMeterMenuBar: setRunning(true, *local*)
2024-11-04 17:52:25,656 INFO o.a.j.e.StandardJMeterEngine: Starting ThreadGroup: 1 : Thread Group
2024-11-04 17:52:25,657 INFO o.a.j.e.StandardJMeterEngine: Starting 1 threads for group Thread Group.
2024-11-04 17:52:25,657 INFO o.a.j.e.StandardJMeterEngine: Thread will continue on error
2024-11-04 17:52:25,657 INFO o.a.j.t.ThreadGroup: Starting thread group... number=1 threads=1 ramp-up=1 delayedStart=true
2024-11-04 17:52:25,657 INFO o.a.j.t.ThreadGroup: Started thread group number 1
2024-11-04 17:52:25,657 INFO o.a.j.e.StandardJMeterEngine: All thread groups have been started
2024-11-04 17:52:25,658 INFO o.a.j.t.JMeterThread: Thread started: Thread Group 1-1
2024-11-04 17:52:27,542 INFO o.a.j.g.a.Start: Stopping test
2024-11-04 17:52:27,551 INFO o.a.j.t.JMeterThread: Stopping: Thread Group 1-1
2024-11-04 17:52:27,551 WARN o.a.j.t.JMeterThread: The delay timer was interrupted - probably did not wait as long as intended.
2024-11-04 17:52:27,552 INFO o.a.j.t.JMeterThread: Thread finished: Thread Group 1-1
2024-11-04 17:52:27,552 INFO o.a.j.e.StandardJMeterEngine: Notifying test listeners of end of test
2024-11-04 17:52:27,552 INFO o.a.j.g.u.JMeterMenuBar: setRunning(false, *local*)
2024-11-04 17:56:04,207 INFO o.a.j.e.StandardJMeterEngine: Running the test!
2024-11-04 17:56:04,208 INFO o.a.j.s.SampleEvent: List of sample_variables: []
2024-11-04 17:56:04,210 INFO o.a.j.g.u.JMeterMenuBar: setRunning(true, *local*)
2024-11-04 17:56:04,264 INFO o.a.j.e.StandardJMeterEngine: Starting ThreadGroup: 1 : Thread Group
2024-11-04 17:56:04,264 INFO o.a.j.e.StandardJMeterEngine: Starting 1 threads for group Thread Group.
2024-11-04 17:56:04,264 INFO o.a.j.e.StandardJMeterEngine: Thread will continue on error
2024-11-04 17:56:04,264 INFO o.a.j.t.ThreadGroup: Starting thread group... number=1 threads=1 ramp-up=1 delayedStart=true
2024-11-04 17:56:04,265 INFO o.a.j.t.ThreadGroup: Started thread group number 1
2024-11-04 17:56:04,265 INFO o.a.j.e.StandardJMeterEngine: All thread groups have been started
2024-11-04 17:56:04,266 INFO o.a.j.t.JMeterThread: Thread started: Thread Group 1-1
2024-11-04 17:56:06,635 INFO o.a.j.g.a.Start: Stopping test
2024-11-04 17:56:06,646 INFO o.a.j.t.JMeterThread: Stopping: Thread Group 1-1
2024-11-04 17:56:06,647 WARN o.a.j.t.JMeterThread: The delay timer was interrupted - probably did not wait as long as intended.
2024-11-04 17:56:06,647 INFO o.a.j.t.JMeterThread: Thread finished: Thread Group 1-1
2024-11-04 17:56:06,647 INFO o.a.j.e.StandardJMeterEngine: Notifying test listeners of end of test
2024-11-04 17:56:06,648 INFO o.a.j.g.u.JMeterMenuBar: setRunning(false, *local*)
2024-11-04 17:58:54,037 INFO o.a.j.e.StandardJMeterEngine: Running the test!
2024-11-04 17:58:54,037 INFO o.a.j.s.SampleEvent: List of sample_variables: []
2024-11-04 17:58:54,038 INFO o.a.j.g.u.JMeterMenuBar: setRunning(true, *local*)
2024-11-04 17:58:54,073 INFO o.a.j.e.StandardJMeterEngine: Starting ThreadGroup: 1 : Thread Group
2024-11-04 17:58:54,073 INFO o.a.j.e.StandardJMeterEngine: Starting 1 threads for group Thread Group.
2024-11-04 17:58:54,073 INFO o.a.j.e.StandardJMeterEngine: Thread will continue on error
2024-11-04 17:58:54,073 INFO o.a.j.t.ThreadGroup: Starting thread group... number=1 threads=1 ramp-up=1 delayedStart=true
2024-11-04 17:58:54,073 INFO o.a.j.t.ThreadGroup: Started thread group number 1
2024-11-04 17:58:54,073 INFO o.a.j.e.StandardJMeterEngine: All thread groups have been started
2024-11-04 17:58:54,074 INFO o.a.j.t.JMeterThread: Thread started: Thread Group 1-1
2024-11-04 17:59:02,845 INFO o.a.j.g.a.Start: Shutting test down
2024-11-04 17:59:02,856 INFO o.a.j.t.JMeterThread: Stopping: Thread Group 1-1
2024-11-04 17:59:07,821 INFO o.a.j.g.a.Start: Stopping test
2024-11-04 17:59:07,835 INFO o.a.j.t.JMeterThread: Stopping: Thread Group 1-1
2024-11-04 17:59:07,835 WARN o.a.j.t.JMeterThread: The delay timer was interrupted - probably did not wait as long as intended.
2024-11-04 17:59:07,835 INFO o.a.j.t.JMeterThread: Thread finished: Thread Group 1-1
2024-11-04 17:59:07,835 INFO o.a.j.e.StandardJMeterEngine: Notifying test listeners of end of test
2024-11-04 17:59:07,836 INFO o.a.j.g.u.JMeterMenuBar: setRunning(false, *local*)
2024-11-04 17:59:19,482 INFO o.a.j.e.StandardJMeterEngine: Running the test!
2024-11-04 17:59:19,483 INFO o.a.j.s.SampleEvent: List of sample_variables: []
2024-11-04 17:59:19,484 INFO o.a.j.g.u.JMeterMenuBar: setRunning(true, *local*)
2024-11-04 17:59:19,519 INFO o.a.j.e.StandardJMeterEngine: Starting ThreadGroup: 1 : Thread Group
2024-11-04 17:59:19,519 INFO o.a.j.e.StandardJMeterEngine: Starting 1 threads for group Thread Group.
2024-11-04 17:59:19,519 INFO o.a.j.e.StandardJMeterEngine: Thread will continue on error
2024-11-04 17:59:19,519 INFO o.a.j.t.ThreadGroup: Starting thread group... number=1 threads=1 ramp-up=1 delayedStart=true
2024-11-04 17:59:19,519 INFO o.a.j.t.ThreadGroup: Started thread group number 1
2024-11-04 17:59:19,519 INFO o.a.j.e.StandardJMeterEngine: All thread groups have been started
2024-11-04 17:59:19,520 INFO o.a.j.t.JMeterThread: Thread started: Thread Group 1-1
2024-11-04 17:59:41,996 INFO o.a.j.g.a.Start: Stopping test
2024-11-04 17:59:42,007 INFO o.a.j.t.JMeterThread: Stopping: Thread Group 1-1
2024-11-04 17:59:42,008 WARN o.a.j.t.JMeterThread: The delay timer was interrupted - probably did not wait as long as intended.
2024-11-04 17:59:42,008 INFO o.a.j.t.JMeterThread: Thread finished: Thread Group 1-1
2024-11-04 17:59:42,008 INFO o.a.j.e.StandardJMeterEngine: Notifying test listeners of end of test
2024-11-04 17:59:42,009 INFO o.a.j.g.u.JMeterMenuBar: setRunning(false, *local*)
2024-11-04 18:15:01,606 INFO o.a.j.e.StandardJMeterEngine: Running the test!
2024-11-04 18:15:01,607 INFO o.a.j.s.SampleEvent: List of sample_variables: []
2024-11-04 18:15:01,608 INFO o.a.j.g.u.JMeterMenuBar: setRunning(true, *local*)
2024-11-04 18:15:01,647 INFO o.a.j.e.StandardJMeterEngine: Starting ThreadGroup: 1 : Thread Group
2024-11-04 18:15:01,647 INFO o.a.j.e.StandardJMeterEngine: Starting 1 threads for group Thread Group.
2024-11-04 18:15:01,647 INFO o.a.j.e.StandardJMeterEngine: Thread will continue on error
2024-11-04 18:15:01,647 INFO o.a.j.t.ThreadGroup: Starting thread group... number=1 threads=1 ramp-up=1 delayedStart=true
2024-11-04 18:15:01,647 INFO o.a.j.t.ThreadGroup: Started thread group number 1
2024-11-04 18:15:01,647 INFO o.a.j.e.StandardJMeterEngine: All thread groups have been started
2024-11-04 18:15:01,648 INFO o.a.j.t.JMeterThread: Thread started: Thread Group 1-1
2024-11-04 18:15:24,460 INFO o.a.j.g.a.Start: Stopping test
2024-11-04 18:15:24,472 INFO o.a.j.t.JMeterThread: Stopping: Thread Group 1-1
2024-11-04 18:15:24,472 WARN o.a.j.t.JMeterThread: The delay timer was interrupted - probably did not wait as long as intended.
2024-11-04 18:15:24,472 INFO o.a.j.t.JMeterThread: Thread finished: Thread Group 1-1
2024-11-04 18:15:24,473 INFO o.a.j.e.StandardJMeterEngine: Notifying test listeners of end of test
2024-11-04 18:15:24,473 INFO o.a.j.g.u.JMeterMenuBar: setRunning(false, *local*)
2024-11-04 18:17:38,636 INFO o.a.j.e.StandardJMeterEngine: Running the test!
2024-11-04 18:17:38,637 INFO o.a.j.s.SampleEvent: List of sample_variables: []
2024-11-04 18:17:38,638 INFO o.a.j.g.u.JMeterMenuBar: setRunning(true, *local*)
2024-11-04 18:17:38,677 INFO o.a.j.e.StandardJMeterEngine: Starting ThreadGroup: 1 : Thread Group
2024-11-04 18:17:38,678 INFO o.a.j.e.StandardJMeterEngine: Starting 1 threads for group Thread Group.
2024-11-04 18:17:38,678 INFO o.a.j.e.StandardJMeterEngine: Thread will continue on error
2024-11-04 18:17:38,678 INFO o.a.j.t.ThreadGroup: Starting thread group... number=1 threads=1 ramp-up=1 delayedStart=true
2024-11-04 18:17:38,678 INFO o.a.j.t.ThreadGroup: Started thread group number 1
2024-11-04 18:17:38,678 INFO o.a.j.e.StandardJMeterEngine: All thread groups have been started
2024-11-04 18:17:38,679 INFO o.a.j.t.JMeterThread: Thread started: Thread Group 1-1
