2024-10-20 21:38:30,443 INFO o.a.j.u.JMeterUtils: Setting Locale to en_EN
2024-10-20 21:38:30,468 INFO o.a.j.JMeter: Loading user properties from: C:\Program Files\apache-jmeter-5.6.3\bin\user.properties
2024-10-20 21:38:30,481 INFO o.a.j.JMeter: Loading system properties from: C:\Program Files\apache-jmeter-5.6.3\bin\system.properties
2024-10-20 21:38:30,488 INFO o.a.j.JMeter: Copyright (c) 1998-2024 The Apache Software Foundation
2024-10-20 21:38:30,488 INFO o.a.j.JMeter: Version 5.6.3
2024-10-20 21:38:30,488 INFO o.a.j.JMeter: java.version=1.8.0_421
2024-10-20 21:38:30,488 INFO o.a.j.JMeter: java.vm.name=Java HotSpot(TM) Client VM
2024-10-20 21:38:30,488 INFO o.a.j.JMeter: os.name=Windows 11
2024-10-20 21:38:30,488 INFO o.a.j.JMeter: os.arch=x86
2024-10-20 21:38:30,488 INFO o.a.j.JMeter: os.version=10.0
2024-10-20 21:38:30,488 INFO o.a.j.JMeter: file.encoding=Cp1252
2024-10-20 21:38:30,488 INFO o.a.j.JMeter: java.awt.headless=null
2024-10-20 21:38:30,488 INFO o.a.j.JMeter: Max memory     =1073741824
2024-10-20 21:38:30,488 INFO o.a.j.JMeter: Available Processors =12
2024-10-20 21:38:30,493 INFO o.a.j.JMeter: Default Locale=English (EN)
2024-10-20 21:38:30,493 INFO o.a.j.JMeter: JMeter  Locale=English (EN)
2024-10-20 21:38:30,493 INFO o.a.j.JMeter: JMeterHome=C:\Program Files\apache-jmeter-5.6.3
2024-10-20 21:38:30,493 INFO o.a.j.JMeter: user.dir  =C:\Users\szabo\source\repos\szaboegon\latency-sensitive-faas\loadbalanced-app
2024-10-20 21:38:30,494 INFO o.a.j.JMeter: PWD       =C:\Users\szabo\source\repos\szaboegon\latency-sensitive-faas\loadbalanced-app
2024-10-20 21:38:30,495 INFO o.a.j.JMeter: IP: 192.168.100.12 Name: Egon_PC FullName: host.docker.internal
2024-10-20 21:38:30,517 INFO o.a.j.JMeter: Loaded icon properties from org/apache/jmeter/images/icon.properties
2024-10-20 21:38:30,688 INFO o.a.j.JMeterGuiLauncher: Setting LAF to: com.github.weisj.darklaf.DarkLaf:com.github.weisj.darklaf.theme.DarculaTheme
